[2012/07/17 12:26:34] [warning] Language dir not found: /home/azamat/programming/ros-electric/orocos_kinematics_dynamics/orocos_kdl_extensions/../UserLanguage
[2012/07/17 12:30:21] [message] Warning: use of system property netbeans.home in v.bccf has been obsoleted in favor of InstalledFileLocator
[2012/07/17 12:30:27] [message] [ Tue Jul 17 12:30:27 CEST 2012]: Start Visual Paradigm for UML Enterprise Edition [VP-UML EE] (NetBeans Integration): 10.0 (20120731)
[2012/07/17 12:30:37] [warning] Installation properties not found
[2012/07/17 12:30:37] [warning] [Upgrade License Period] Suite dir not found
[2012/07/17 12:30:37] [warning] Installation properties not found
[2012/07/17 12:30:37] [warning] Suite dir not found
[2012/07/17 12:30:37] [warning] Installation properties not found
[2012/07/17 12:30:37] [warning] Suite dir not found
[2012/07/17 12:30:40] [warning] <<<<<<<<<<<CodeModel is unable to load....>>>>>>>>>>>>
[2012/07/17 12:30:40] [warning] << miss persistance code model, but ignore to prepare codemodel from uml model >>
[2012/07/17 12:30:40] [message] Saved project "orocos_kinematics_dynamics" to "/home/azamat/programming/ros-electric/orocos_kinematics_dynamics/vpproject/orocos_kinematics_dynamics.vpp".
[2012/07/17 12:30:40] [warning] <<<<<<<<<<<CodeModel is unable to load....>>>>>>>>>>>>
[2012/07/17 12:30:40] [warning] << miss persistance code model, but ignore to prepare codemodel from uml model >>
[2012/07/17 12:35:53] [warning] <<<<<<<<<<<CodeModel is unable to load....>>>>>>>>>>>>
[2012/07/17 12:35:53] [warning] << miss persistance code model, but ignore to prepare codemodel from uml model >>
[2012/07/17 12:35:54] [warning] java.lang.IllegalArgumentException: Attempted to pass a null directory to findProject
	at org.netbeans.api.project.ProjectManager.findProject(ProjectManager.java:226)
	at v.ceg.a(:280)
	at v.ceg.a(:27)
	at v.bnid.run(:232)
	at java.lang.Thread.run(Thread.java:662)

[2012/07/17 12:37:26] [message] Saved project "orocos_kinematics_dynamics" to "/tmp/project425347913120266757.vpp".
[2012/07/17 12:38:10] [message] Saved project "orocos_kinematics_dynamics" to "/tmp/project425347913120266757.vpp".
[2012/07/17 12:39:58] [message] Saved project "orocos_kinematics_dynamics" to "/tmp/project425347913120266757.vpp".
[2012/07/17 12:40:33] [warning] java.lang.NullPointerException
	at org.netbeans.api.project.ProjectUtils.getSources(ProjectUtils.java:107)
	at v.cdut.a(:44)
	at v.cpiq.actionPerformed(:87)
	at javax.swing.AbstractButton.fireActionPerformed(AbstractButton.java:1995)
	at javax.swing.AbstractButton$Handler.actionPerformed(AbstractButton.java:2318)
	at javax.swing.DefaultButtonModel.fireActionPerformed(DefaultButtonModel.java:387)
	at javax.swing.DefaultButtonModel.setPressed(DefaultButtonModel.java:242)
	at javax.swing.AbstractButton.doClick(AbstractButton.java:357)
	at javax.swing.plaf.basic.BasicMenuItemUI.doClick(BasicMenuItemUI.java:809)
	at javax.swing.plaf.basic.BasicMenuItemUI$Handler.mouseReleased(BasicMenuItemUI.java:850)
	at java.awt.Component.processMouseEvent(Component.java:6288)
	at javax.swing.JComponent.processMouseEvent(JComponent.java:3267)
	at java.awt.Component.processEvent(Component.java:6053)
	at java.awt.Container.processEvent(Container.java:2041)
	at java.awt.Component.dispatchEventImpl(Component.java:4651)
	at java.awt.Container.dispatchEventImpl(Container.java:2099)
	at java.awt.Component.dispatchEvent(Component.java:4481)
	at java.awt.LightweightDispatcher.retargetMouseEvent(Container.java:4577)
	at java.awt.LightweightDispatcher.processMouseEvent(Container.java:4238)
	at java.awt.LightweightDispatcher.dispatchEvent(Container.java:4168)
	at java.awt.Container.dispatchEventImpl(Container.java:2085)
	at java.awt.Component.dispatchEvent(Component.java:4481)
	at java.awt.EventQueue.dispatchEventImpl(EventQueue.java:643)
	at java.awt.EventQueue.access$000(EventQueue.java:84)
	at java.awt.EventQueue$1.run(EventQueue.java:602)
	at java.awt.EventQueue$1.run(EventQueue.java:600)
	at java.security.AccessController.doPrivileged(Native Method)
	at java.security.AccessControlContext$1.doIntersectionPrivilege(AccessControlContext.java:87)
	at java.security.AccessControlContext$1.doIntersectionPrivilege(AccessControlContext.java:98)
	at java.awt.EventQueue$2.run(EventQueue.java:616)
	at java.awt.EventQueue$2.run(EventQueue.java:614)
	at java.security.AccessController.doPrivileged(Native Method)
	at java.security.AccessControlContext$1.doIntersectionPrivilege(AccessControlContext.java:87)
	at java.awt.EventQueue.dispatchEvent(EventQueue.java:613)
	at org.netbeans.core.TimableEventQueue.dispatchEvent(TimableEventQueue.java:137)
	at java.awt.EventDispatchThread.pumpOneEventForFilters(EventDispatchThread.java:269)
	at java.awt.EventDispatchThread.pumpEventsForFilter(EventDispatchThread.java:184)
	at java.awt.EventDispatchThread.pumpEventsForHierarchy(EventDispatchThread.java:174)
	at java.awt.EventDispatchThread.pumpEvents(EventDispatchThread.java:169)
	at java.awt.EventDispatchThread.pumpEvents(EventDispatchThread.java:161)
	at java.awt.EventDispatchThread.run(EventDispatchThread.java:122)

[2012/07/17 12:42:37] [message] Warning: use of system property netbeans.home in v.coai has been obsoleted in favor of InstalledFileLocator
[2012/07/17 12:42:38] [message] Exit VP-UML integration: Ask for save project
[2012/07/17 12:42:38] [message] Exit VP-UML integration: Asked for save project
